Arguments: 
  /home/gg/.nvm/versions/node/v16.3.0/bin/node /home/gg/.asdf/installs/yarn/1.22.10/bin/yarn.js add webpack webpack-cli -webpack-dev-server -D

PATH: 
  /home/gg/.asdf/installs/yarn/1.22.10/bin:/home/gg/.asdf/shims:/home/gg/.asdf/bin:/home/gg/.nvm/versions/node/v16.3.0/bin:/usr/local/sbin:/usr/local/bin:/usr/sbin:/usr/bin:/sbin:/bin:/usr/games:/usr/local/games:/snap/bin

Yarn version: 
  1.22.10

Node version: 
  16.3.0

Platform: 
  linux x64

Trace: 
  Error: https://registry.yarnpkg.com/-d: Not found
      at Request.params.callback [as _callback] (/home/gg/.asdf/installs/yarn/1.22.10/lib/cli.js:66988:18)
      at Request.self.callback (/home/gg/.asdf/installs/yarn/1.22.10/lib/cli.js:140749:22)
      at Request.emit (node:events:394:28)
      at Request.<anonymous> (/home/gg/.asdf/installs/yarn/1.22.10/lib/cli.js:141721:10)
      at Request.emit (node:events:394:28)
      at IncomingMessage.<anonymous> (/home/gg/.asdf/installs/yarn/1.22.10/lib/cli.js:141643:12)
      at Object.onceWrapper (node:events:513:28)
      at IncomingMessage.emit (node:events:406:35)
      at endReadableNT (node:internal/streams/readable:1329:12)
      at processTicksAndRejections (node:internal/process/task_queues:83:21)

npm manifest: 
  {
    "name": "webpack-react-template",
    "version": "1.0.0",
    "description": "Webpack-based React template",
    "main": "index.js",
    "scripts": {
      "test": "echo \"Error: no test specified\" && exit 1"
    },
    "author": "Gabriel Porto dos Santos",
    "license": "MIT"
  }

yarn manifest: 
  No manifest

Lockfile: 
  No lockfile
